train - fr: 3318581 tokens
train - en: 3088526 tokens
/home/sgaur2/neural-machine-translation/prep/temp/dev.fr - fr: 20508 tokens
/home/sgaur2/neural-machine-translation/prep/temp/tst.fr - fr: 34361 tokens
/home/sgaur2/neural-machine-translation/prep/temp/dev.en - en: 20262 tokens
/home/sgaur2/neural-machine-translation/prep/temp/tst.en - en: 32163 tokens
bpe-train - fr: 4360022 tokens
bpe-dev - fr: 27197 tokens
bpe-tst - fr: 45130 tokens
bpe-train - en: 3662513 tokens
bpe-dev - en: 23891 tokens
bpe-tst - en: 38352 tokens
train - fr: 3318581 tokens
train - en: 3088526 tokens
/home/sgaur2/neural-machine-translation/prep/temp/dev.fr - fr: 20508 tokens
/home/sgaur2/neural-machine-translation/prep/temp/tst.fr - fr: 34361 tokens
/home/sgaur2/neural-machine-translation/prep/temp/dev.en - en: 20262 tokens
/home/sgaur2/neural-machine-translation/prep/temp/tst.en - en: 32163 tokens
train - fr: 3318581 tokens
train - en: 3088526 tokens
/home/sgaur2/neural-machine-translation/prep/temp/dev.fr - fr: 20508 tokens
/home/sgaur2/neural-machine-translation/prep/temp/tst.fr - fr: 34361 tokens
/home/sgaur2/neural-machine-translation/prep/temp/dev.en - en: 20262 tokens
/home/sgaur2/neural-machine-translation/prep/temp/tst.en - en: 32163 tokens
